BTC-USD: 3653 bars

========================================================================
TIER 1 — Pure vol filter sweep (75 × 5 seeds)
========================================================================
  [1/75] vf_vw5_q0.30_rf7  (elapsed 0s)
  [2/75] vf_vw5_q0.30_rf21  (elapsed 1s)
  [3/75] vf_vw5_q0.30_rf42  (elapsed 1s)
  [4/75] vf_vw5_q0.40_rf7  (elapsed 2s)
  [5/75] vf_vw5_q0.40_rf21  (elapsed 3s)
  [6/75] vf_vw5_q0.40_rf42  (elapsed 3s)
  [7/75] vf_vw5_q0.50_rf7  (elapsed 4s)
  [8/75] vf_vw5_q0.50_rf21  (elapsed 5s)
  [9/75] vf_vw5_q0.50_rf42  (elapsed 6s)
  [10/75] vf_vw5_q0.60_rf7  (elapsed 8s)
  [11/75] vf_vw5_q0.60_rf21  (elapsed 9s)
  [12/75] vf_vw5_q0.60_rf42  (elapsed 10s)
  [13/75] vf_vw5_q0.70_rf7  (elapsed 10s)
  [14/75] vf_vw5_q0.70_rf21  (elapsed 11s)
  [15/75] vf_vw5_q0.70_rf42  (elapsed 12s)
  [16/75] vf_vw10_q0.30_rf7  (elapsed 13s)
  [17/75] vf_vw10_q0.30_rf21  (elapsed 13s)
  [18/75] vf_vw10_q0.30_rf42  (elapsed 14s)
  [19/75] vf_vw10_q0.40_rf7  (elapsed 15s)
  [20/75] vf_vw10_q0.40_rf21  (elapsed 16s)
  [21/75] vf_vw10_q0.40_rf42  (elapsed 16s)
  [22/75] vf_vw10_q0.50_rf7  (elapsed 17s)
  [23/75] vf_vw10_q0.50_rf21  (elapsed 18s)
  [24/75] vf_vw10_q0.50_rf42  (elapsed 19s)
  [25/75] vf_vw10_q0.60_rf7  (elapsed 19s)
  [26/75] vf_vw10_q0.60_rf21  (elapsed 20s)
  [27/75] vf_vw10_q0.60_rf42  (elapsed 21s)
  [28/75] vf_vw10_q0.70_rf7  (elapsed 22s)
  [29/75] vf_vw10_q0.70_rf21  (elapsed 22s)
  [30/75] vf_vw10_q0.70_rf42  (elapsed 23s)
  [31/75] vf_vw14_q0.30_rf7  (elapsed 24s)
  [32/75] vf_vw14_q0.30_rf21  (elapsed 25s)
  [33/75] vf_vw14_q0.30_rf42  (elapsed 25s)
  [34/75] vf_vw14_q0.40_rf7  (elapsed 26s)
  [35/75] vf_vw14_q0.40_rf21  (elapsed 27s)
  [36/75] vf_vw14_q0.40_rf42  (elapsed 28s)
  [37/75] vf_vw14_q0.50_rf7  (elapsed 28s)
  [38/75] vf_vw14_q0.50_rf21  (elapsed 29s)
  [39/75] vf_vw14_q0.50_rf42  (elapsed 30s)
  [40/75] vf_vw14_q0.60_rf7  (elapsed 31s)
  [41/75] vf_vw14_q0.60_rf21  (elapsed 32s)
  [42/75] vf_vw14_q0.60_rf42  (elapsed 32s)
  [43/75] vf_vw14_q0.70_rf7  (elapsed 33s)
  [44/75] vf_vw14_q0.70_rf21  (elapsed 34s)
  [45/75] vf_vw14_q0.70_rf42  (elapsed 35s)
  [46/75] vf_vw20_q0.30_rf7  (elapsed 35s)
  [47/75] vf_vw20_q0.30_rf21  (elapsed 36s)
  [48/75] vf_vw20_q0.30_rf42  (elapsed 37s)
  [49/75] vf_vw20_q0.40_rf7  (elapsed 38s)
  [50/75] vf_vw20_q0.40_rf21  (elapsed 38s)
  [51/75] vf_vw20_q0.40_rf42  (elapsed 39s)
  [52/75] vf_vw20_q0.50_rf7  (elapsed 40s)
  [53/75] vf_vw20_q0.50_rf21  (elapsed 41s)
  [54/75] vf_vw20_q0.50_rf42  (elapsed 41s)
  [55/75] vf_vw20_q0.60_rf7  (elapsed 42s)
  [56/75] vf_vw20_q0.60_rf21  (elapsed 43s)
  [57/75] vf_vw20_q0.60_rf42  (elapsed 43s)
  [58/75] vf_vw20_q0.70_rf7  (elapsed 44s)
  [59/75] vf_vw20_q0.70_rf21  (elapsed 45s)
  [60/75] vf_vw20_q0.70_rf42  (elapsed 46s)
  [61/75] vf_vw30_q0.30_rf7  (elapsed 46s)
  [62/75] vf_vw30_q0.30_rf21  (elapsed 47s)
  [63/75] vf_vw30_q0.30_rf42  (elapsed 48s)
  [64/75] vf_vw30_q0.40_rf7  (elapsed 48s)
  [65/75] vf_vw30_q0.40_rf21  (elapsed 49s)
  [66/75] vf_vw30_q0.40_rf42  (elapsed 50s)
  [67/75] vf_vw30_q0.50_rf7  (elapsed 50s)
  [68/75] vf_vw30_q0.50_rf21  (elapsed 51s)
  [69/75] vf_vw30_q0.50_rf42  (elapsed 52s)
  [70/75] vf_vw30_q0.60_rf7  (elapsed 52s)
  [71/75] vf_vw30_q0.60_rf21  (elapsed 53s)
  [72/75] vf_vw30_q0.60_rf42  (elapsed 54s)
  [73/75] vf_vw30_q0.70_rf7  (elapsed 54s)
  [74/75] vf_vw30_q0.70_rf21  (elapsed 55s)
  [75/75] vf_vw30_q0.70_rf42  (elapsed 56s)

Tier 1 top 5:
             label  avg_median_sharpe  stderr_median_sharpe  min_median_sharpe  max_median_sharpe
 vf_vw14_q0.60_rf7           0.834765              0.195461           0.199980           1.343286
vf_vw14_q0.60_rf21           0.738436              0.180518           0.199980           1.201609
vf_vw10_q0.70_rf42           0.722333              0.313704           0.005736           1.526022
vf_vw14_q0.60_rf42           0.696523              0.201691           0.121098           1.228692
vf_vw10_q0.70_rf21           0.692017              0.302023           0.005736           1.526022

Tier 1 winner: vf_vw14_q0.60_rf7 (avg median Sharpe = 0.835)

========================================================================
TIER 2 — Vol filter + vol target overlay (15 × 5 seeds)
========================================================================
  [1/15] vf_vt_vw14_q0.60_rf7_vt0.15_mx1.5  (elapsed 0s)
  [2/15] vf_vt_vw14_q0.60_rf7_vt0.15_mx2.0  (elapsed 1s)
  [3/15] vf_vt_vw14_q0.60_rf7_vt0.15_mx3.0  (elapsed 2s)
  [4/15] vf_vt_vw14_q0.60_rf7_vt0.20_mx1.5  (elapsed 2s)
  [5/15] vf_vt_vw14_q0.60_rf7_vt0.20_mx2.0  (elapsed 3s)
  [6/15] vf_vt_vw14_q0.60_rf7_vt0.20_mx3.0  (elapsed 4s)
  [7/15] vf_vt_vw14_q0.60_rf7_vt0.25_mx1.5  (elapsed 5s)
  [8/15] vf_vt_vw14_q0.60_rf7_vt0.25_mx2.0  (elapsed 5s)
  [9/15] vf_vt_vw14_q0.60_rf7_vt0.25_mx3.0  (elapsed 6s)
  [10/15] vf_vt_vw14_q0.60_rf7_vt0.30_mx1.5  (elapsed 7s)
  [11/15] vf_vt_vw14_q0.60_rf7_vt0.30_mx2.0  (elapsed 8s)
  [12/15] vf_vt_vw14_q0.60_rf7_vt0.30_mx3.0  (elapsed 8s)
  [13/15] vf_vt_vw14_q0.60_rf7_vt0.40_mx1.5  (elapsed 9s)
  [14/15] vf_vt_vw14_q0.60_rf7_vt0.40_mx2.0  (elapsed 10s)
  [15/15] vf_vt_vw14_q0.60_rf7_vt0.40_mx3.0  (elapsed 11s)

Tier 2 top 5:
                            label  avg_median_sharpe  stderr_median_sharpe
vf_vt_vw14_q0.60_rf7_vt0.40_mx1.5           0.663589              0.226887
vf_vt_vw14_q0.60_rf7_vt0.40_mx2.0           0.600582              0.248892
vf_vt_vw14_q0.60_rf7_vt0.30_mx1.5           0.592391              0.247881
vf_vt_vw14_q0.60_rf7_vt0.25_mx1.5           0.583645              0.229682
vf_vt_vw14_q0.60_rf7_vt0.25_mx2.0           0.583645              0.229682

========================================================================
TIER 3 — Hybrid wide grid (54 × 5 seeds)
========================================================================
  [1/54] hyb_vw5_q0.40_rf14_tw750  (elapsed 0s)
  [2/54] hyb_vw5_q0.40_rf14_tw1000  (elapsed 11s)
  [3/54] hyb_vw5_q0.40_rf14_tw1500  (elapsed 22s)
    hybrid error: Not enough data (1131) for train_window=1500
    hybrid error: Not enough data (1257) for train_window=1500
    hybrid error: Not enough data (1383) for train_window=1500
    hybrid error: Not enough data (1131) for train_window=1500
    hybrid error: Not enough data (1257) for train_window=1500
    hybrid error: Not enough data (1131) for train_window=1500
    hybrid error: Not enough data (1257) for train_window=1500
    hybrid error: Not enough data (1383) for train_window=1500
    hybrid error: Not enough data (1131) for train_window=1500
    hybrid error: Not enough data (1257) for train_window=1500
    hybrid error: Not enough data (1383) for train_window=1500
    hybrid error: Not enough data (1131) for train_window=1500
  [4/54] hyb_vw5_q0.40_rf21_tw750  (elapsed 32s)
  [5/54] hyb_vw5_q0.40_rf21_tw1000  (elapsed 41s)
  [6/54] hyb_vw5_q0.40_rf21_tw1500  (elapsed 51s)
    hybrid error: Not enough data (1131) for train_window=1500
    hybrid error: Not enough data (1257) for train_window=1500
    hybrid error: Not enough data (1383) for train_window=1500
    hybrid error: Not enough data (1131) for train_window=1500
    hybrid error: Not enough data (1257) for train_window=1500
    hybrid error: Not enough data (1131) for train_window=1500
    hybrid error: Not enough data (1257) for train_window=1500
    hybrid error: Not enough data (1383) for train_window=1500
    hybrid error: Not enough data (1131) for train_window=1500
    hybrid error: Not enough data (1257) for train_window=1500
    hybrid error: Not enough data (1383) for train_window=1500
    hybrid error: Not enough data (1131) for train_window=1500
  [7/54] hyb_vw5_q0.50_rf14_tw750  (elapsed 60s)
  [8/54] hyb_vw5_q0.50_rf14_tw1000  (elapsed 71s)
  [9/54] hyb_vw5_q0.50_rf14_tw1500  (elapsed 83s)
    hybrid error: Not enough data (1131) for train_window=1500
    hybrid error: Not enough data (1257) for train_window=1500
    hybrid error: Not enough data (1383) for train_window=1500
    hybrid error: Not enough data (1131) for train_window=1500
    hybrid error: Not enough data (1257) for train_window=1500
    hybrid error: Not enough data (1131) for train_window=1500
